{"uuid":"b03e5cc9-4e76-4c8f-8ee1-121f6922378f","historyId":"2d4b373b2fa6ebf4317635fc00a10061","fullName":"io.cucumber.testng.AbstractTestNGCucumberTests.runScenario","labels":[{"name":"package","value":"runners.SmokeRunnerTest"},{"name":"testClass","value":"runners.SmokeRunnerTest"},{"name":"testMethod","value":"runScenario"},{"name":"parentSuite","value":"Default Suite"},{"name":"suite","value":"CucumberAmazonNeu"},{"name":"subSuite","value":"runners.SmokeRunnerTest"},{"name":"host","value":"DESKTOP-KL4S1RB"},{"name":"thread","value":"12448@DESKTOP-KL4S1RB.main(1)"},{"name":"framework","value":"testng"},{"name":"language","value":"java"}],"links":[],"name":"Runs Cucumber Scenarios","status":"broken","statusDetails":{"known":false,"muted":false,"flaky":false,"message":"Unable to provision, see the following errors:\r\n\r\n1) [Guice/ErrorInCustomProvider]: SessionNotCreatedException: Could not start a new session. Response code 500. Message: session not created: Chrome instance exited. Examine ChromeDriver verbose log to determine the cause. \nHost info: host: 'DESKTOP-KL4S1RB', ip: '192.168.68.57'\nBuild info: version: '4.20.0', revision: '866c76ca80'\nSystem info: os.name: 'Windows 10', os.arch: 'amd64', os.version: '10.0', java.version: '11.0.15'\nDriver info: ChromeDriver\nCommand: [null, newSession {capabilities=[Capabilities {browserName: chrome, goog:chromeOptions: {args: [], extensions: []}}]}]\r\n  while locating utilities.DriverProvider\r\n  at utilities.FrameworkModule.configure(FrameworkModule.java:10)\r\n  at hooks.Hooks.driver(Hooks.java:13)\r\n      \\_ for field driver\r\n  while locating hooks.Hooks\r\n\r\nLearn more:\r\n  https://github.com/google/guice/wiki/ERROR_IN_CUSTOM_PROVIDER\r\n\r\n1 error\n\n======================\nFull classname legend:\n======================\nChromeDriver:               \"org.openqa.selenium.chrome.ChromeDriver\"\nSessionNotCreatedException: \"org.openqa.selenium.SessionNotCreatedException\"\n========================\nEnd of classname legend:\n========================\n","trace":"com.google.inject.ProvisionException: Unable to provision, see the following errors:\r\n\r\n1) [Guice/ErrorInCustomProvider]: SessionNotCreatedException: Could not start a new session. Response code 500. Message: session not created: Chrome instance exited. Examine ChromeDriver verbose log to determine the cause. \nHost info: host: 'DESKTOP-KL4S1RB', ip: '192.168.68.57'\nBuild info: version: '4.20.0', revision: '866c76ca80'\nSystem info: os.name: 'Windows 10', os.arch: 'amd64', os.version: '10.0', java.version: '11.0.15'\nDriver info: ChromeDriver\nCommand: [null, newSession {capabilities=[Capabilities {browserName: chrome, goog:chromeOptions: {args: [], extensions: []}}]}]\r\n  while locating utilities.DriverProvider\r\n  at utilities.FrameworkModule.configure(FrameworkModule.java:10)\r\n  at hooks.Hooks.driver(Hooks.java:13)\r\n      \\_ for field driver\r\n  while locating hooks.Hooks\r\n\r\nLearn more:\r\n  https://github.com/google/guice/wiki/ERROR_IN_CUSTOM_PROVIDER\r\n\r\n1 error\n\n======================\nFull classname legend:\n======================\nChromeDriver:               \"org.openqa.selenium.chrome.ChromeDriver\"\nSessionNotCreatedException: \"org.openqa.selenium.SessionNotCreatedException\"\n========================\nEnd of classname legend:\n========================\n\r\n\tat com.google.inject.internal.InternalProvisionException.toProvisionException(InternalProvisionException.java:251)\r\n\tat com.google.inject.internal.InjectorImpl$1.get(InjectorImpl.java:1104)\r\n\tat com.google.inject.internal.InjectorImpl.getInstance(InjectorImpl.java:1139)\r\n\tat io.cucumber.guice.GuiceFactory.getInstance(GuiceFactory.java:98)\r\n\tat io.cucumber.java.AbstractGlueDefinition.invokeMethod(AbstractGlueDefinition.java:47)\r\n\tat io.cucumber.java.JavaHookDefinition.execute(JavaHookDefinition.java:64)\r\n\tat io.cucumber.core.runner.CoreHookDefinition.execute(CoreHookDefinition.java:46)\r\n\tat io.cucumber.core.runner.HookDefinitionMatch.runStep(HookDefinitionMatch.java:21)\r\n\tat io.cucumber.core.runner.ExecutionMode$1.execute(ExecutionMode.java:10)\r\n\tat io.cucumber.core.runner.TestStep.executeStep(TestStep.java:81)\r\n\tat io.cucumber.core.runner.TestStep.run(TestStep.java:53)\r\n\tat io.cucumber.core.runner.TestCase.run(TestCase.java:78)\r\n\tat io.cucumber.core.runner.Runner.runPickle(Runner.java:75)\r\n\tat io.cucumber.testng.TestNGCucumberRunner.lambda$runScenario$1(TestNGCucumberRunner.java:132)\r\n\tat io.cucumber.core.runtime.CucumberExecutionContext.lambda$runTestCase$5(CucumberExecutionContext.java:136)\r\n\tat io.cucumber.core.runtime.RethrowingThrowableCollector.executeAndThrow(RethrowingThrowableCollector.java:23)\r\n\tat io.cucumber.core.runtime.CucumberExecutionContext.runTestCase(CucumberExecutionContext.java:136)\r\n\tat io.cucumber.testng.TestNGCucumberRunner.runScenario(TestNGCucumberRunner.java:129)\r\n\tat io.cucumber.testng.AbstractTestNGCucumberTests.runScenario(AbstractTestNGCucumberTests.java:35)\r\n\tat java.base/jdk.internal.reflect.NativeMethodAccessorImpl.invoke0(Native Method)\r\n\tat java.base/jdk.internal.reflect.NativeMethodAccessorImpl.invoke(NativeMethodAccessorImpl.java:62)\r\n\tat java.base/jdk.internal.reflect.DelegatingMethodAccessorImpl.invoke(DelegatingMethodAccessorImpl.java:43)\r\n\tat java.base/java.lang.reflect.Method.invoke(Method.java:566)\r\n\tat org.testng.internal.invokers.MethodInvocationHelper.invokeMethod(MethodInvocationHelper.java:139)\r\n\tat org.testng.internal.invokers.TestInvoker.invokeMethod(TestInvoker.java:664)\r\n\tat org.testng.internal.invokers.TestInvoker.invokeTestMethod(TestInvoker.java:228)\r\n\tat org.testng.internal.invokers.MethodRunner.runInSequence(MethodRunner.java:63)\r\n\tat org.testng.internal.invokers.TestInvoker$MethodInvocationAgent.invoke(TestInvoker.java:961)\r\n\tat org.testng.internal.invokers.TestInvoker.invokeTestMethods(TestInvoker.java:201)\r\n\tat org.testng.internal.invokers.TestMethodWorker.invokeTestMethods(TestMethodWorker.java:148)\r\n\tat org.testng.internal.invokers.TestMethodWorker.run(TestMethodWorker.java:128)\r\n\tat java.base/java.util.ArrayList.forEach(ArrayList.java:1541)\r\n\tat org.testng.TestRunner.privateRun(TestRunner.java:819)\r\n\tat org.testng.TestRunner.run(TestRunner.java:619)\r\n\tat org.testng.SuiteRunner.runTest(SuiteRunner.java:443)\r\n\tat org.testng.SuiteRunner.runSequentially(SuiteRunner.java:437)\r\n\tat org.testng.SuiteRunner.privateRun(SuiteRunner.java:397)\r\n\tat org.testng.SuiteRunner.run(SuiteRunner.java:336)\r\n\tat org.testng.SuiteRunnerWorker.runSuite(SuiteRunnerWorker.java:52)\r\n\tat org.testng.SuiteRunnerWorker.run(SuiteRunnerWorker.java:95)\r\n\tat org.testng.TestNG.runSuitesSequentially(TestNG.java:1301)\r\n\tat org.testng.TestNG.runSuitesLocally(TestNG.java:1228)\r\n\tat org.testng.TestNG.runSuites(TestNG.java:1134)\r\n\tat org.testng.TestNG.run(TestNG.java:1101)\r\n\tat com.intellij.rt.testng.IDEARemoteTestNG.run(IDEARemoteTestNG.java:66)\r\n\tat com.intellij.rt.testng.RemoteTestNGStarter.main(RemoteTestNGStarter.java:109)\r\nCaused by: org.openqa.selenium.SessionNotCreatedException: Could not start a new session. Response code 500. Message: session not created: Chrome instance exited. Examine ChromeDriver verbose log to determine the cause. \nHost info: host: 'DESKTOP-KL4S1RB', ip: '192.168.68.57'\nBuild info: version: '4.20.0', revision: '866c76ca80'\nSystem info: os.name: 'Windows 10', os.arch: 'amd64', os.version: '10.0', java.version: '11.0.15'\nDriver info: org.openqa.selenium.chrome.ChromeDriver\nCommand: [null, newSession {capabilities=[Capabilities {browserName: chrome, goog:chromeOptions: {args: [], extensions: []}}]}]\r\n\tat org.openqa.selenium.remote.ProtocolHandshake.createSession(ProtocolHandshake.java:114)\r\n\tat org.openqa.selenium.remote.ProtocolHandshake.createSession(ProtocolHandshake.java:75)\r\n\tat org.openqa.selenium.remote.ProtocolHandshake.createSession(ProtocolHandshake.java:61)\r\n\tat org.openqa.selenium.remote.HttpCommandExecutor.execute(HttpCommandExecutor.java:162)\r\n\tat org.openqa.selenium.remote.service.DriverCommandExecutor.invokeExecute(DriverCommandExecutor.java:216)\r\n\tat org.openqa.selenium.remote.service.DriverCommandExecutor.execute(DriverCommandExecutor.java:174)\r\n\tat org.openqa.selenium.remote.RemoteWebDriver.execute(RemoteWebDriver.java:518)\r\n\tat org.openqa.selenium.remote.RemoteWebDriver.startSession(RemoteWebDriver.java:232)\r\n\tat org.openqa.selenium.remote.RemoteWebDriver.<init>(RemoteWebDriver.java:161)\r\n\tat org.openqa.selenium.chromium.ChromiumDriver.<init>(ChromiumDriver.java:114)\r\n\tat org.openqa.selenium.chrome.ChromeDriver.<init>(ChromeDriver.java:88)\r\n\tat org.openqa.selenium.chrome.ChromeDriver.<init>(ChromeDriver.java:83)\r\n\tat org.openqa.selenium.chrome.ChromeDriver.<init>(ChromeDriver.java:51)\r\n\tat utilities.DriverProvider.get(DriverProvider.java:31)\r\n\tat utilities.DriverProvider.get(DriverProvider.java:11)\r\n\tat com.google.inject.internal.ProviderInternalFactory.provision(ProviderInternalFactory.java:86)\r\n\tat com.google.inject.internal.BoundProviderFactory.provision(BoundProviderFactory.java:72)\r\n\tat com.google.inject.internal.ProviderInternalFactory.circularGet(ProviderInternalFactory.java:60)\r\n\tat com.google.inject.internal.BoundProviderFactory.get(BoundProviderFactory.java:59)\r\n\tat com.google.inject.internal.ProviderToInternalFactoryAdapter.get(ProviderToInternalFactoryAdapter.java:40)\r\n\tat io.cucumber.guice.SequentialScenarioScope.lambda$scope$0(SequentialScenarioScope.java:40)\r\n\tat com.google.inject.internal.InternalFactoryToProviderAdapter.get(InternalFactoryToProviderAdapter.java:45)\r\n\tat com.google.inject.internal.SingleFieldInjector.inject(SingleFieldInjector.java:50)\r\n\tat com.google.inject.internal.MembersInjectorImpl.injectMembers(MembersInjectorImpl.java:146)\r\n\tat com.google.inject.internal.ConstructorInjector.provision(ConstructorInjector.java:124)\r\n\tat com.google.inject.internal.ConstructorInjector.construct(ConstructorInjector.java:91)\r\n\tat com.google.inject.internal.ConstructorBindingImpl$Factory.get(ConstructorBindingImpl.java:300)\r\n\tat com.google.inject.internal.InjectorImpl$1.get(InjectorImpl.java:1101)\r\n\t... 44 more\r\n"},"stage":"finished","steps":[],"attachments":[{"name":"screenshot","source":"3bfa9743-ddde-4f68-aff8-50ea8895394e-attachment"}],"parameters":[{"name":"arg1","value":"\"Tests der Amazon-Bestseller-Seite\""},{"name":"arg0","value":"\"Überprüfung der Produkte auf der Bestsellerliste\""}],"start":1767710610299,"stop":1767710632729}